#
# There is insufficient memory for the Java Runtime Environment to continue.
# Native memory allocation (malloc) failed to allocate 32744 bytes for ChunkPool::allocate
# Possible reasons:
#   The system is out of physical RAM or swap space
#   In 32 bit mode, the process size limit was hit
# Possible solutions:
#   Reduce memory load on the system
#   Increase physical memory or swap space
#   Check if swap backing store is full
#   Use 64 bit Java on a 64 bit OS
#   Decrease Java heap size (-Xmx/-Xms)
#   Decrease number of Java threads
#   Decrease Java thread stack sizes (-Xss)
#   Set larger code cache with -XX:ReservedCodeCacheSize=
# This output file may be truncated or incomplete.
#
#  Out of Memory Error (allocation.cpp:273), pid=7612, tid=0x000000000000291c
#
# JRE version: Java(TM) SE Runtime Environment (8.0_121-b13) (build 1.8.0_121-b13)
# Java VM: Java HotSpot(TM) 64-Bit Server VM (25.121-b13 mixed mode windows-amd64 compressed oops)
# Failed to write core dump. Minidumps are not enabled by default on client versions of Windows
#

---------------  T H R E A D  ---------------

Current thread (0x0000000018c70000):  JavaThread "C1 CompilerThread2" daemon [_thread_in_native, id=10524, stack(0x0000000019460000,0x0000000019560000)]

Stack: [0x0000000019460000,0x0000000019560000]
[error occurred during error reporting (printing stack bounds), id 0xc0000005]

Native frames: (J=compiled Java code, j=interpreted, Vv=VM code, C=native code)


Current CompileTask:
C1:  95455  203   !   3       sun.nio.cs.ext.DoubleByte$Encoder::encodeArrayLoop (409 bytes)


---------------  P R O C E S S  ---------------

Java Threads: ( => current thread )
  0x0000000018cff800 JavaThread "Service Thread" daemon [_thread_blocked, id=11612, stack(0x0000000019560000,0x0000000019660000)]
=>0x0000000018c70000 JavaThread "C1 CompilerThread2" daemon [_thread_in_native, id=10524, stack(0x0000000019460000,0x0000000019560000)]
  0x0000000018c6c800 JavaThread "C2 CompilerThread1" daemon [_thread_in_vm, id=10596, stack(0x0000000019360000,0x0000000019460000)]
  0x00000000178fa800 JavaThread "C2 CompilerThread0" daemon [_thread_in_native, id=15308, stack(0x0000000019260000,0x0000000019360000)]
  0x0000000018c68800 JavaThread "Attach Listener" daemon [_thread_blocked, id=1516, stack(0x0000000019160000,0x0000000019260000)]
  0x00000000178af800 JavaThread "Signal Dispatcher" daemon [_thread_blocked, id=2852, stack(0x0000000019060000,0x0000000019160000)]
  0x0000000017889800 JavaThread "Finalizer" daemon [_thread_blocked, id=2288, stack(0x0000000018b00000,0x0000000018c00000)]
  0x0000000002e41000 JavaThread "Reference Handler" daemon [_thread_blocked, id=10068, stack(0x0000000018a00000,0x0000000018b00000)]
  0x00000000010be000 JavaThread "main" [_thread_blocked, id=6720, stack(0x00000000028b0000,0x00000000029b0000)]

Other Threads:
  0x0000000017867000 VMThread [stack: 0x0000000018900000,0x0000000018a00000] [id=15376]
  0x0000000018d28000 WatcherThread [stack: 0x0000000019660000,0x0000000019760000] [id=15504]

VM state:synchronizing (normal execution)

VM Mutex/Monitor currently owned by a thread:  ([mutex/lock_event])
[0x00000000010bce20] Threads_lock - owner thread: 0x0000000017867000

Heap:
 PSYoungGen      total 37888K, used 13638K [0x00000000d6600000, 0x00000000db000000, 0x0000000100000000)
  eden space 32768K, 28% used [0x00000000d6600000,0x00000000d6efb728,0x00000000d8600000)
  from space 5120K, 99% used [0x00000000d8600000,0x00000000d8afa020,0x00000000d8b00000)
  to   space 5120K, 0% used [0x00000000dab00000,0x00000000dab00000,0x00000000db000000)
 ParOldGen       total 86016K, used 26169K [0x0000000083200000, 0x0000000088600000, 0x00000000d6600000)
  object space 86016K, 30% used [0x0000000083200000,0x0000000084b8e7d0,0x0000000088600000)
 Metaspace       used 2810K, capacity 4486K, committed 4864K, reserved 1056768K
  class space    used 292K, capacity 386K, committed 512K, reserved 1048576K

Card table byte_map: [0x0000000012210000,0x0000000012600000] byte_map_base: 0x0000000011df7000

Marking Bits: (ParMarkBitMap*) 0x0000000070fbb6d0
 Begin Bits: [0x0000000012ca0000, 0x0000000014bd8000)
 End Bits:   [0x0000000014bd8000, 0x0000000016b10000)

Polling page: 0x00000000010a0000

CodeCache: size=245760Kb used=1559Kb max_used=1572Kb free=244200Kb
 bounds [0x0000000002e50000, 0x00000000030c0000, 0x0000000011e50000]
 total_blobs=446 nmethods=211 adapters=148
 compilation: enabled

Compilation events (10 events):
Event: 6.398 Thread 0x00000000178fa800  200   !   4       java.lang.ref.ReferenceQueue::remove (125 bytes)
Event: 6.399 Thread 0x0000000018c6c800 nmethod 199 0x0000000002fd4a10 code [0x0000000002fd4b60, 0x0000000002fd4ed8]
Event: 6.399 Thread 0x0000000018c6c800  201       4       java.lang.ref.Finalizer::access$100 (6 bytes)
Event: 6.400 Thread 0x00000000178fa800 nmethod 200 0x0000000002fd4310 code [0x0000000002fd4460, 0x0000000002fd47f8]
Event: 6.400 Thread 0x00000000178fa800  202   !   4       java.lang.ref.Finalizer::runFinalizer (62 bytes)
Event: 6.402 Thread 0x0000000018c6c800 nmethod 201 0x0000000002fd6050 code [0x0000000002fd61c0, 0x0000000002fd6778]
Event: 6.403 Thread 0x00000000178fa800 nmethod 202 0x0000000002fd3890 code [0x0000000002fd3a00, 0x0000000002fd3fd8]
Event: 95.256 Thread 0x0000000018c70000  203   !   3       sun.nio.cs.ext.DoubleByte$Encoder::encodeArrayLoop (409 bytes)
Event: 95.256 Thread 0x0000000018c6c800  204       4       sun.nio.cs.ext.DoubleByte$Encoder::encodeChar (21 bytes)
Event: 95.259 Thread 0x00000000178fa800  207       4       java.lang.StringBuilder::append (8 bytes)

GC Heap History (2 events):
Event: 6.216 GC heap before
{Heap before GC invocations=1 (full 0):
 PSYoungGen      total 37888K, used 32768K [0x00000000d6600000, 0x00000000d9000000, 0x0000000100000000)
  eden space 32768K, 100% used [0x00000000d6600000,0x00000000d8600000,0x00000000d8600000)
  from space 5120K, 0% used [0x00000000d8b00000,0x00000000d8b00000,0x00000000d9000000)
  to   space 5120K, 0% used [0x00000000d8600000,0x00000000d8600000,0x00000000d8b00000)
 ParOldGen       total 86016K, used 0K [0x0000000083200000, 0x0000000088600000, 0x00000000d6600000)
  object space 86016K, 0% used [0x0000000083200000,0x0000000083200000,0x0000000088600000)
 Metaspace       used 2773K, capacity 4486K, committed 4864K, reserved 1056768K
  class space    used 289K, capacity 386K, committed 512K, reserved 1048576K
Event: 6.382 GC heap after
Heap after GC invocations=1 (full 0):
 PSYoungGen      total 37888K, used 5096K [0x00000000d6600000, 0x00000000db000000, 0x0000000100000000)
  eden space 32768K, 0% used [0x00000000d6600000,0x00000000d6600000,0x00000000d8600000)
  from space 5120K, 99% used [0x00000000d8600000,0x00000000d8afa020,0x00000000d8b00000)
  to   space 5120K, 0% used [0x00000000dab00000,0x00000000dab00000,0x00000000db000000)
 ParOldGen       total 86016K, used 26169K [0x0000000083200000, 0x0000000088600000, 0x00000000d6600000)
  object space 86016K, 30% used [0x0000000083200000,0x0000000084b8e7d0,0x0000000088600000)
 Metaspace       used 2773K, capacity 4486K, committed 4864K, reserved 1056768K
  class space    used 289K, capacity 386K, committed 512K, reserved 1048576K
}

Deoptimization events (3 events):
Event: 6.400 Thread 0x0000000017889800 Uncommon trap: reason=unstable_if action=reinterpret pc=0x0000000002fd4e58 method=java.lang.ref.ReferenceQueue.reallyPoll()Ljava/lang/ref/Reference; @ 15
Event: 6.400 Thread 0x0000000017889800 Uncommon trap: reason=unstable_if action=reinterpret pc=0x0000000002fd0f88 method=java.lang.ref.ReferenceQueue.reallyPoll()Ljava/lang/ref/Reference; @ 6
Event: 95.253 Thread 0x00000000010be000 Uncommon trap: reason=unstable_if action=reinterpret pc=0x0000000002fc48cc method=sun.nio.cs.ext.DoubleByte$Encoder.encodeArrayLoop(Ljava/nio/CharBuffer;Ljava/nio/ByteBuffer;)Ljava/nio/charset/CoderResult; @ 218

Internal exceptions (8 events):
Event: 0.027 Thread 0x00000000010be000 Exception <a 'java/lang/NoSuchMethodError': Method sun.misc.Unsafe.defineClass(Ljava/lang/String;[BII)Ljava/lang/Class; name or signature does not match> (0x00000000d6607ca8) thrown at [C:\re\workspace\8-2-build-windows-amd64-cygwin\jdk8u121\8372\hotspot\
Event: 0.027 Thread 0x00000000010be000 Exception <a 'java/lang/NoSuchMethodError': Method sun.misc.Unsafe.prefetchRead(Ljava/lang/Object;J)V name or signature does not match> (0x00000000d6607f90) thrown at [C:\re\workspace\8-2-build-windows-amd64-cygwin\jdk8u121\8372\hotspot\src\share\vm\prims
Event: 6.400 Thread 0x0000000017889800 Implicit null exception at 0x0000000002fd0e93 to 0x0000000002fd0f75
Event: 95.233 Thread 0x00000000010be000 Exception <a 'java/io/IOException': CreateProcess error=1450, ç³»ç»Ÿèµ„æºä¸è¶³ï¼Œæ— æ³•å®Œæˆè¯·æ±‚çš„æœåŠ¡ã€‚> (0x00000000d6de5f00) thrown at [C:\re\workspace\8-2-build-windows-amd64-cygwin\jdk8u121\8372\hotspot\src\share\vm\prims\jni.cpp, line 735]
Event: 95.256 Thread 0x00000000010be000 Exception <a 'java/io/IOException': CreateProcess error=1455, é¡µé¢æ–‡ä»¶å¤ªå°ï¼Œæ— æ³•å®Œæˆæ“ä½œã€‚> (0x00000000d6dea120) thrown at [C:\re\workspace\8-2-build-windows-amd64-cygwin\jdk8u121\8372\hotspot\src\share\vm\prims\jni.cpp, line 735]
Event: 95.257 Thread 0x00000000010be000 Exception <a 'java/io/IOException': CreateProcess error=1455, é¡µé¢æ–‡ä»¶å¤ªå°ï¼Œæ— æ³•å®Œæˆæ“ä½œã€‚> (0x00000000d6dedc50) thrown at [C:\re\workspace\8-2-build-windows-amd64-cygwin\jdk8u121\8372\hotspot\src\share\vm\prims\jni.cpp, line 735]
Event: 95.258 Thread 0x00000000010be000 Exception <a 'java/io/IOException': CreateProcess error=1455, é¡µé¢æ–‡ä»¶å¤ªå°ï¼Œæ— æ³•å®Œæˆæ“ä½œã€‚> (0x00000000d6df1780) thrown at [C:\re\workspace\8-2-build-windows-amd64-cygwin\jdk8u121\8372\hotspot\src\share\vm\prims\jni.cpp, line 735]
Event: 95.260 Thread 0x00000000010be000 Exception <a 'java/io/IOException': CreateProcess error=8, å­˜å‚¨ä¸è¶³ï¼Œæ— æ³•å¤„ç†æ­¤å‘½ä»¤ã€‚> (0x00000000d6df52a8) thrown at [C:\re\workspace\8-2-build-windows-amd64-cygwin\jdk8u121\8372\hotspot\src\share\vm\prims\jni.cpp, line 735]

Events (10 events):
Event: 95.243 loading class java/lang/Throwable$PrintStreamOrWriter
Event: 95.244 loading class java/lang/Throwable$PrintStreamOrWriter done
Event: 95.244 loading class java/lang/Throwable$WrappedPrintStream done
Event: 95.244 loading class java/util/IdentityHashMap
Event: 95.247 loading class java/util/IdentityHashMap done
Event: 95.247 loading class java/util/IdentityHashMap$KeySet
Event: 95.248 loading class java/util/IdentityHashMap$KeySet done
Event: 95.253 Thread 0x00000000010be000 Uncommon trap: trap_request=0xffffff65 fr.pc=0x0000000002fc48cc
Event: 95.253 Thread 0x00000000010be000 DEOPT PACKING pc=0x0000000002fc48cc sp=0x00000000029aece0
Event: 95.253 Thread 0x00000000010be000 DEOPT UNPACKING pc=0x0000000002e9582a sp=0x00000000029aec48 mode 2


Dynamic libraries:
0x00007ff652810000 - 0x00007ff652847000 	C:\Program Files\Java\jdk1.8.0_121\bin\javaw.exe
0x00007ffc28450000 - 0x00007ffc2862b000 	C:\WINDOWS\SYSTEM32\ntdll.dll
0x00007ffc280b0000 - 0x00007ffc2815e000 	C:\WINDOWS\System32\KERNEL32.DLL
0x00007ffc24b90000 - 0x00007ffc24dd9000 	C:\WINDOWS\System32\KERNELBASE.dll
0x00007ffc25f80000 - 0x00007ffc26021000 	C:\WINDOWS\System32\ADVAPI32.dll
0x00007ffc26030000 - 0x00007ffc260cd000 	C:\WINDOWS\System32\msvcrt.dll
0x00007ffc25f20000 - 0x00007ffc25f79000 	C:\WINDOWS\System32\sechost.dll
0x00007ffc28320000 - 0x00007ffc28445000 	C:\WINDOWS\System32\RPCRT4.dll
0x00007ffc25da0000 - 0x00007ffc25eea000 	C:\WINDOWS\System32\USER32.dll
0x00007ffc25670000 - 0x00007ffc2568e000 	C:\WINDOWS\System32\win32u.dll
0x00007ffc25c60000 - 0x00007ffc25c87000 	C:\WINDOWS\System32\GDI32.dll
0x00007ffc24de0000 - 0x00007ffc24f69000 	C:\WINDOWS\System32\gdi32full.dll
0x00007ffc25690000 - 0x00007ffc2572a000 	C:\WINDOWS\System32\msvcp_win.dll
0x00007ffc24a40000 - 0x00007ffc24b36000 	C:\WINDOWS\System32\ucrtbase.dll
0x00007ffc1b9b0000 - 0x00007ffc1bc17000 	C:\WINDOWS\WinSxS\amd64_microsoft.windows.common-controls_6595b64144ccf1df_6.0.15063.0_none_108e4f62dfe5d999\COMCTL32.dll
0x00007ffc260d0000 - 0x00007ffc263c9000 	C:\WINDOWS\System32\combase.dll
0x00007ffc249d0000 - 0x00007ffc24a3a000 	C:\WINDOWS\System32\bcryptPrimitives.dll
0x00007ffc25ef0000 - 0x00007ffc25f1d000 	C:\WINDOWS\System32\IMM32.DLL
0x00000000704e0000 - 0x00000000705b2000 	C:\Program Files\Java\jdk1.8.0_121\jre\bin\msvcr100.dll
0x00000000707a0000 - 0x000000007103b000 	C:\Program Files\Java\jdk1.8.0_121\jre\bin\server\jvm.dll
0x00007ffc26630000 - 0x00007ffc26638000 	C:\WINDOWS\System32\PSAPI.DLL
0x00007ffbf67b0000 - 0x00007ffbf67b9000 	C:\WINDOWS\SYSTEM32\WSOCK32.dll
0x00007ffc27f90000 - 0x00007ffc27ffc000 	C:\WINDOWS\System32\WS2_32.dll
0x00007ffc1ca20000 - 0x00007ffc1ca2a000 	C:\WINDOWS\SYSTEM32\VERSION.dll
0x00007ffc1d280000 - 0x00007ffc1d2a3000 	C:\WINDOWS\SYSTEM32\WINMM.dll
0x00007ffc1d250000 - 0x00007ffc1d27b000 	C:\WINDOWS\SYSTEM32\winmmbase.dll
0x00007ffc24b40000 - 0x00007ffc24b89000 	C:\WINDOWS\System32\cfgmgr32.dll
0x00000000706b0000 - 0x00000000706bf000 	C:\Program Files\Java\jdk1.8.0_121\jre\bin\verify.dll
0x0000000070680000 - 0x00000000706a9000 	C:\Program Files\Java\jdk1.8.0_121\jre\bin\java.dll
0x0000000070660000 - 0x0000000070676000 	C:\Program Files\Java\jdk1.8.0_121\jre\bin\zip.dll
0x00007ffc26650000 - 0x00007ffc27a87000 	C:\WINDOWS\System32\SHELL32.dll
0x00007ffc263d0000 - 0x00007ffc2647a000 	C:\WINDOWS\System32\shcore.dll
0x00007ffc24f70000 - 0x00007ffc25662000 	C:\WINDOWS\System32\windows.storage.dll
0x00007ffc25b80000 - 0x00007ffc25bd1000 	C:\WINDOWS\System32\shlwapi.dll
0x00007ffc248e0000 - 0x00007ffc248f1000 	C:\WINDOWS\System32\kernel.appcore.dll
0x00007ffc24900000 - 0x00007ffc2494c000 	C:\WINDOWS\System32\powrprof.dll
0x00007ffc248c0000 - 0x00007ffc248d5000 	C:\WINDOWS\System32\profapi.dll

VM Arguments:
jvm_args: -Dfile.encoding=GBK 
java_command: CCMMDD
java_class_path (initial): D:\java_codes\×öÊµÑé\bin
Launcher Type: SUN_STANDARD

Environment Variables:
JAVA_HOME=C:\Program Files\Java\jdk1.8.0_121
CLASSPATH=.;C:\Program Files\Java\jdk1.8.0_121\lib;c:\Program Files (x86)\Java\jre1.8.0_131\lib\ext\QTJava.zip
PATH=C:/Program Files/Java/jdk1.8.0_121/jre/bin/server;C:/Program Files/Java/jdk1.8.0_121/jre/bin;C:/Program Files/Java/jdk1.8.0_121/jre/lib/amd64;D:\Python\Lib\site-packages\PyQt4;C:\ProgramData\Oracle\Java\javapath;C:\Program Files (x86)\Intel\iCLS Client\;C:\Program Files\Intel\iCLS Client\;C:\Windows\system32;C:\Windows;C:\Windows\System32\Wbem;C:\Windows\System32\WindowsPowerShell\v1.0\;C:\Program Files (x86)\Common Files\lenovo\easyplussdk\bin;C:\Program Files (x86)\Intel\Intel(R) Management Engine Components\DAL;C:\Program Files\Intel\Intel(R) Management Engine Components\DAL;C:\Program Files (x86)\Intel\Intel(R) Management Engine Components\IPT;C:\Program Files\Intel\Intel(R) Management Engine Components\IPT;C:\Program Files (x86)\NVIDIA Corporation\PhysX\Common;C:\Program Files\Intel\WiFi\bin\;C:\Program Files\Common Files\Intel\WirelessCommon\;C:\WINDOWS\system32;C:\WINDOWS;D:\python\Lib\site-packages;D:\git\Git\cmd;D:\masm32;C:\Program Files\Java\jdk1.8.0_121\bin;D:\Python\gnuplot\binary;D:\anaconda3_2;D:\anaconda3_2\Scripts;D:\anaconda3_2\Library\bin;C:\Python34\Lib\site-packages\matplotlib;D:\anaconda3;F:\Python27;C:\Python27\Lib;C:\Python27\Lib\site-packages\matplotlib;C:\WINDOWS\System32\Wbem;C:\WINDOWS\System32\WindowsPowerShell\v1.0\;C:\python3\Scripts;C:\Program Files (x86)\Microsoft SQL Server\100\Tools\Binn\;C:\Program Files\Microsoft SQL Server\100\Tools\Binn\;C:\Program Files\Microsoft SQL Server\100\DTS\Binn\;C:\Program Files (x86)\Windows Kits\8.1\Windows Performance Toolkit\;c:\Program Files (x86)\QuickTime\QTSystem\;C:\Program Files\MySQL\MySQL Server 5.5\bin;E:\MySQL\bin;C:\python3\Scripts\;C:\python3\;C:\Users\lenovo\AppData\Local\Microsoft\WindowsApps£»C:\Python27;C:\Users\lenovo\AppData\Local\Microsoft\WindowsApps;;C:\WINDOWS\system32;
USERNAME=lenovo
OS=Windows_NT
PROCESSOR_IDENTIFIER=Intel64 Family 6 Model 94 Stepping 3, GenuineIntel



---------------  S Y S T E M  ---------------

OS: Windows 10.0 , 64 bit Build 15063 (10.0.15063.296)

CPU:total 4 (4 cores per cpu, 1 threads per core) family 6 model 94 stepping 3, cmov, cx8, fxsr, mmx, sse, sse2, sse3, ssse3, sse4.1, sse4.2, popcnt, avx, avx2, aes, clmul, erms, rtm, 3dnowpref, lzcnt, tsc, tscinvbit, bmi1, bmi2, adx

Memory: 4k page, physical 8178600k(45352k free), swap 23697432k(124k free)

vm_info: Java HotSpot(TM) 64-Bit Server VM (25.121-b13) for windows-amd64 JRE (1.8.0_121-b13), built on Dec 12 2016 18:21:36 by "java_re" with MS VC++ 10.0 (VS2010)

time: Sat Jun 03 13:18:03 2017
elapsed time: 95 seconds (0d 0h 1m 35s)

