1508989439598	geckodriver	INFO	geckodriver 0.19.0
1508989439614	geckodriver	INFO	Listening on 127.0.0.1:56702
1508989441470	mozrunner::runner	INFO	Running command: "E:\\Mozilla_Firefox\\firefox.exe" "-marionette" "-profile" "C:\\Users\\lenovo\\AppData\\Local\\Temp\\rust_mozprofile.5BQz2qgeEDQX"
1508989441959	addons.xpi	WARN	Error parsing extensions state: [Exception... "Component returned failure code: 0x80520012 (NS_ERROR_FILE_NOT_FOUND) [amIAddonManagerStartup.readStartupData]"  nsresult: "0x80520012 (NS_ERROR_FILE_NOT_FOUND)"  location: "JS frame :: resource://gre/modules/addons/XPIProvider.jsm :: loadExtensionState :: line 1554"  data: no] Stack trace: loadExtensionState()@resource://gre/modules/addons/XPIProvider.jsm:1554 < getInstallState()@resource://gre/modules/addons/XPIProvider.jsm:1589 < checkForChanges()@resource://gre/modules/addons/XPIProvider.jsm:3109 < startup()@resource://gre/modules/addons/XPIProvider.jsm:2188 < callProvider()@resource://gre/modules/AddonManager.jsm:269 < _startProvider()@resource://gre/modules/AddonManager.jsm:739 < startup()@resource://gre/modules/AddonManager.jsm:906 < startup()@resource://gre/modules/AddonManager.jsm:3090 < observe()@jar:file:///E:/Mozilla_Firefox/omni.ja!/components/addonManager.js:65
1508989442484	Marionette	INFO	Enabled via --marionette
Unable to read VR Path Registry from C:\Users\lenovo\AppData\Local\openvr\openvrpaths.vrpath
[Child 10340] WARNING: pipe error: 109: file z:/build/build/src/ipc/chromium/src/chrome/common/ipc_channel_win.cc, line 346
1508989444579	Marionette	INFO	Listening on port 56710
1508989444610	Marionette	WARN	TLS certificate errors will be ignored for this session
1508989444725	Marionette	DEBUG	Register listener.js for window 6442450945
1508989444834	Marionette	DEBUG	Received DOM event "beforeunload" for "about:blank"
1508989445112	Marionette	DEBUG	Received DOM event "pagehide" for "about:blank"
1508989445113	Marionette	DEBUG	Received DOM event "unload" for "about:blank"
1508989445119	Marionette	DEBUG	Received DOM event "DOMContentLoaded" for "http://localhost:63342/test/test.html?_ijt=m1vfo4kb9o1obcukikd3hc36i"
1508989445178	Marionette	DEBUG	Received DOM event "pageshow" for "http://localhost:63342/test/test.html?_ijt=m1vfo4kb9o1obcukikd3hc36i"
1508989445219	Marionette	DEBUG	Received DOM event "beforeunload" for "http://localhost:63342/test/test.html?_ijt=m1vfo4kb9o1obcukikd3hc36i"
1508989445498	Marionette	DEBUG	Received DOM event "pagehide" for "http://localhost:63342/test/test.html?_ijt=m1vfo4kb9o1obcukikd3hc36i"
1508989445498	Marionette	DEBUG	Received DOM event "unload" for "http://localhost:63342/test/test.html?_ijt=m1vfo4kb9o1obcukikd3hc36i"
1508989445518	Marionette	DEBUG	Received DOM event "DOMContentLoaded" for "http://localhost:63342/test/test.html?_ijt=m1vfo4kb9o1obcukikd3hc36i"
1508989445585	Marionette	DEBUG	Received DOM event "pageshow" for "http://localhost:63342/test/test.html?_ijt=m1vfo4kb9o1obcukikd3hc36i"
1508989448597	Marionette	DEBUG	Received DOM event "beforeunload" for "http://localhost:63342/test/test.html?_ijt=m1vfo4kb9o1obcukikd3hc36i"
1508989448614	Marionette	DEBUG	Received DOM event "pagehide" for "http://localhost:63342/test/test.html?_ijt=m1vfo4kb9o1obcukikd3hc36i"
1508989448615	Marionette	DEBUG	Received DOM event "unload" for "http://localhost:63342/test/test.html?_ijt=m1vfo4kb9o1obcukikd3hc36i"
1508989448621	Marionette	DEBUG	Received DOM event "DOMContentLoaded" for "http://localhost:63342/test/test.html?_ijt=m1vfo4kb9o1obcukikd3hc36i"
1508989448656	Marionette	DEBUG	Received DOM event "pageshow" for "http://localhost:63342/test/test.html?_ijt=m1vfo4kb9o1obcukikd3hc36i"
1508989451675	Marionette	DEBUG	Received DOM event "beforeunload" for "http://localhost:63342/test/test.html?_ijt=m1vfo4kb9o1obcukikd3hc36i"
1508989451703	Marionette	DEBUG	Received DOM event "pagehide" for "http://localhost:63342/test/test.html?_ijt=m1vfo4kb9o1obcukikd3hc36i"
1508989451703	Marionette	DEBUG	Received DOM event "unload" for "http://localhost:63342/test/test.html?_ijt=m1vfo4kb9o1obcukikd3hc36i"
1508989451719	Marionette	DEBUG	Received DOM event "DOMContentLoaded" for "http://localhost:63342/test/test.html?_ijt=m1vfo4kb9o1obcukikd3hc36i"
1508989451765	Marionette	DEBUG	Received DOM event "pageshow" for "http://localhost:63342/test/test.html?_ijt=m1vfo4kb9o1obcukikd3hc36i"
1508989454782	Marionette	DEBUG	Received DOM event "beforeunload" for "http://localhost:63342/test/test.html?_ijt=m1vfo4kb9o1obcukikd3hc36i"
1508989454813	Marionette	DEBUG	Received DOM event "pagehide" for "http://localhost:63342/test/test.html?_ijt=m1vfo4kb9o1obcukikd3hc36i"
1508989454813	Marionette	DEBUG	Received DOM event "unload" for "http://localhost:63342/test/test.html?_ijt=m1vfo4kb9o1obcukikd3hc36i"
1508989454820	Marionette	DEBUG	Received DOM event "DOMContentLoaded" for "http://localhost:63342/test/test.html?_ijt=m1vfo4kb9o1obcukikd3hc36i"
1508989454866	Marionette	DEBUG	Received DOM event "pageshow" for "http://localhost:63342/test/test.html?_ijt=m1vfo4kb9o1obcukikd3hc36i"
1508989457877	Marionette	DEBUG	Received DOM event "beforeunload" for "http://localhost:63342/test/test.html?_ijt=m1vfo4kb9o1obcukikd3hc36i"
1508989457915	Marionette	DEBUG	Received DOM event "pagehide" for "http://localhost:63342/test/test.html?_ijt=m1vfo4kb9o1obcukikd3hc36i"
1508989457915	Marionette	DEBUG	Received DOM event "unload" for "http://localhost:63342/test/test.html?_ijt=m1vfo4kb9o1obcukikd3hc36i"
1508989457940	Marionette	DEBUG	Received DOM event "DOMContentLoaded" for "http://localhost:63342/test/test.html?_ijt=m1vfo4kb9o1obcukikd3hc36i"
1508989457976	Marionette	DEBUG	Received DOM event "pageshow" for "http://localhost:63342/test/test.html?_ijt=m1vfo4kb9o1obcukikd3hc36i"
1508989460984	Marionette	DEBUG	Received DOM event "beforeunload" for "http://localhost:63342/test/test.html?_ijt=m1vfo4kb9o1obcukikd3hc36i"
1508989460998	Marionette	DEBUG	Received DOM event "pagehide" for "http://localhost:63342/test/test.html?_ijt=m1vfo4kb9o1obcukikd3hc36i"
1508989460998	Marionette	DEBUG	Received DOM event "unload" for "http://localhost:63342/test/test.html?_ijt=m1vfo4kb9o1obcukikd3hc36i"
1508989461008	Marionette	DEBUG	Received DOM event "DOMContentLoaded" for "http://localhost:63342/test/test.html?_ijt=m1vfo4kb9o1obcukikd3hc36i"
1508989461282	Marionette	DEBUG	Received DOM event "pageshow" for "http://localhost:63342/test/test.html?_ijt=m1vfo4kb9o1obcukikd3hc36i"
1508989464301	Marionette	DEBUG	Received DOM event "beforeunload" for "http://localhost:63342/test/test.html?_ijt=m1vfo4kb9o1obcukikd3hc36i"
1508989464316	Marionette	DEBUG	Received DOM event "pagehide" for "http://localhost:63342/test/test.html?_ijt=m1vfo4kb9o1obcukikd3hc36i"
1508989464316	Marionette	DEBUG	Received DOM event "unload" for "http://localhost:63342/test/test.html?_ijt=m1vfo4kb9o1obcukikd3hc36i"
1508989464326	Marionette	DEBUG	Received DOM event "DOMContentLoaded" for "http://localhost:63342/test/test.html?_ijt=m1vfo4kb9o1obcukikd3hc36i"
1508989464449	Marionette	DEBUG	Received DOM event "pageshow" for "http://localhost:63342/test/test.html?_ijt=m1vfo4kb9o1obcukikd3hc36i"
1508989467464	Marionette	DEBUG	Received DOM event "beforeunload" for "http://localhost:63342/test/test.html?_ijt=m1vfo4kb9o1obcukikd3hc36i"
1508989467480	Marionette	DEBUG	Received DOM event "pagehide" for "http://localhost:63342/test/test.html?_ijt=m1vfo4kb9o1obcukikd3hc36i"
1508989467480	Marionette	DEBUG	Received DOM event "unload" for "http://localhost:63342/test/test.html?_ijt=m1vfo4kb9o1obcukikd3hc36i"
1508989467491	Marionette	DEBUG	Received DOM event "DOMContentLoaded" for "http://localhost:63342/test/test.html?_ijt=m1vfo4kb9o1obcukikd3hc36i"
1508989467585	Marionette	DEBUG	Received DOM event "pageshow" for "http://localhost:63342/test/test.html?_ijt=m1vfo4kb9o1obcukikd3hc36i"
1508989470612	Marionette	DEBUG	Received DOM event "beforeunload" for "http://localhost:63342/test/test.html?_ijt=m1vfo4kb9o1obcukikd3hc36i"
1508989470631	Marionette	DEBUG	Received DOM event "pagehide" for "http://localhost:63342/test/test.html?_ijt=m1vfo4kb9o1obcukikd3hc36i"
1508989470631	Marionette	DEBUG	Received DOM event "unload" for "http://localhost:63342/test/test.html?_ijt=m1vfo4kb9o1obcukikd3hc36i"
1508989470644	Marionette	DEBUG	Received DOM event "DOMContentLoaded" for "http://localhost:63342/test/test.html?_ijt=m1vfo4kb9o1obcukikd3hc36i"
1508989470745	Marionette	DEBUG	Received DOM event "pageshow" for "http://localhost:63342/test/test.html?_ijt=m1vfo4kb9o1obcukikd3hc36i"
1508989472237	addons.productaddons	WARN	Failed downloading via XHR, status: 0, reason: error
1508989473757	Marionette	DEBUG	Received DOM event "beforeunload" for "http://localhost:63342/test/test.html?_ijt=m1vfo4kb9o1obcukikd3hc36i"
1508989473769	Marionette	DEBUG	Received DOM event "pagehide" for "http://localhost:63342/test/test.html?_ijt=m1vfo4kb9o1obcukikd3hc36i"
1508989473770	Marionette	DEBUG	Received DOM event "unload" for "http://localhost:63342/test/test.html?_ijt=m1vfo4kb9o1obcukikd3hc36i"
1508989473776	Marionette	DEBUG	Received DOM event "DOMContentLoaded" for "http://localhost:63342/test/test.html?_ijt=m1vfo4kb9o1obcukikd3hc36i"
1508989473858	Marionette	DEBUG	Received DOM event "pageshow" for "http://localhost:63342/test/test.html?_ijt=m1vfo4kb9o1obcukikd3hc36i"
1508989476872	Marionette	DEBUG	Received DOM event "beforeunload" for "http://localhost:63342/test/test.html?_ijt=m1vfo4kb9o1obcukikd3hc36i"
1508989476883	Marionette	DEBUG	Received DOM event "pagehide" for "http://localhost:63342/test/test.html?_ijt=m1vfo4kb9o1obcukikd3hc36i"
1508989476883	Marionette	DEBUG	Received DOM event "unload" for "http://localhost:63342/test/test.html?_ijt=m1vfo4kb9o1obcukikd3hc36i"
1508989476889	Marionette	DEBUG	Received DOM event "DOMContentLoaded" for "http://localhost:63342/test/test.html?_ijt=m1vfo4kb9o1obcukikd3hc36i"
1508989476948	Marionette	DEBUG	Received DOM event "pageshow" for "http://localhost:63342/test/test.html?_ijt=m1vfo4kb9o1obcukikd3hc36i"
1508989479965	Marionette	DEBUG	Received DOM event "beforeunload" for "http://localhost:63342/test/test.html?_ijt=m1vfo4kb9o1obcukikd3hc36i"
1508989479980	Marionette	DEBUG	Received DOM event "pagehide" for "http://localhost:63342/test/test.html?_ijt=m1vfo4kb9o1obcukikd3hc36i"
1508989479980	Marionette	DEBUG	Received DOM event "unload" for "http://localhost:63342/test/test.html?_ijt=m1vfo4kb9o1obcukikd3hc36i"
1508989480015	Marionette	DEBUG	Received DOM event "DOMContentLoaded" for "http://localhost:63342/test/test.html?_ijt=m1vfo4kb9o1obcukikd3hc36i"
1508989480140	Marionette	DEBUG	Received DOM event "pageshow" for "http://localhost:63342/test/test.html?_ijt=m1vfo4kb9o1obcukikd3hc36i"
1508989483173	Marionette	DEBUG	Received DOM event "beforeunload" for "http://localhost:63342/test/test.html?_ijt=m1vfo4kb9o1obcukikd3hc36i"
1508989483196	Marionette	DEBUG	Received DOM event "pagehide" for "http://localhost:63342/test/test.html?_ijt=m1vfo4kb9o1obcukikd3hc36i"
1508989483196	Marionette	DEBUG	Received DOM event "unload" for "http://localhost:63342/test/test.html?_ijt=m1vfo4kb9o1obcukikd3hc36i"
1508989483244	Marionette	DEBUG	Received DOM event "DOMContentLoaded" for "http://localhost:63342/test/test.html?_ijt=m1vfo4kb9o1obcukikd3hc36i"
1508989483424	Marionette	DEBUG	Received DOM event "pageshow" for "http://localhost:63342/test/test.html?_ijt=m1vfo4kb9o1obcukikd3hc36i"
1508989486438	Marionette	DEBUG	Received DOM event "beforeunload" for "http://localhost:63342/test/test.html?_ijt=m1vfo4kb9o1obcukikd3hc36i"
1508989486451	Marionette	DEBUG	Received DOM event "pagehide" for "http://localhost:63342/test/test.html?_ijt=m1vfo4kb9o1obcukikd3hc36i"
1508989486451	Marionette	DEBUG	Received DOM event "unload" for "http://localhost:63342/test/test.html?_ijt=m1vfo4kb9o1obcukikd3hc36i"
1508989486457	Marionette	DEBUG	Received DOM event "DOMContentLoaded" for "http://localhost:63342/test/test.html?_ijt=m1vfo4kb9o1obcukikd3hc36i"
1508989486712	Marionette	DEBUG	Received DOM event "pageshow" for "http://localhost:63342/test/test.html?_ijt=m1vfo4kb9o1obcukikd3hc36i"
1508989489723	Marionette	DEBUG	Received DOM event "beforeunload" for "http://localhost:63342/test/test.html?_ijt=m1vfo4kb9o1obcukikd3hc36i"
1508989489737	Marionette	DEBUG	Received DOM event "pagehide" for "http://localhost:63342/test/test.html?_ijt=m1vfo4kb9o1obcukikd3hc36i"
1508989489737	Marionette	DEBUG	Received DOM event "unload" for "http://localhost:63342/test/test.html?_ijt=m1vfo4kb9o1obcukikd3hc36i"
1508989489742	Marionette	DEBUG	Received DOM event "DOMContentLoaded" for "http://localhost:63342/test/test.html?_ijt=m1vfo4kb9o1obcukikd3hc36i"
1508989489820	Marionette	DEBUG	Received DOM event "pageshow" for "http://localhost:63342/test/test.html?_ijt=m1vfo4kb9o1obcukikd3hc36i"
1508989492830	Marionette	DEBUG	Received DOM event "beforeunload" for "http://localhost:63342/test/test.html?_ijt=m1vfo4kb9o1obcukikd3hc36i"
1508989492843	Marionette	DEBUG	Received DOM event "pagehide" for "http://localhost:63342/test/test.html?_ijt=m1vfo4kb9o1obcukikd3hc36i"
1508989492843	Marionette	DEBUG	Received DOM event "unload" for "http://localhost:63342/test/test.html?_ijt=m1vfo4kb9o1obcukikd3hc36i"
1508989492851	Marionette	DEBUG	Received DOM event "DOMContentLoaded" for "http://localhost:63342/test/test.html?_ijt=m1vfo4kb9o1obcukikd3hc36i"
1508989492926	Marionette	DEBUG	Received DOM event "pageshow" for "http://localhost:63342/test/test.html?_ijt=m1vfo4kb9o1obcukikd3hc36i"
1508989495938	Marionette	DEBUG	Received DOM event "beforeunload" for "http://localhost:63342/test/test.html?_ijt=m1vfo4kb9o1obcukikd3hc36i"
1508989495953	Marionette	DEBUG	Received DOM event "pagehide" for "http://localhost:63342/test/test.html?_ijt=m1vfo4kb9o1obcukikd3hc36i"
1508989495953	Marionette	DEBUG	Received DOM event "unload" for "http://localhost:63342/test/test.html?_ijt=m1vfo4kb9o1obcukikd3hc36i"
1508989495959	Marionette	DEBUG	Received DOM event "DOMContentLoaded" for "http://localhost:63342/test/test.html?_ijt=m1vfo4kb9o1obcukikd3hc36i"
1508989496018	Marionette	DEBUG	Received DOM event "pageshow" for "http://localhost:63342/test/test.html?_ijt=m1vfo4kb9o1obcukikd3hc36i"
1508989499034	Marionette	DEBUG	Received DOM event "beforeunload" for "http://localhost:63342/test/test.html?_ijt=m1vfo4kb9o1obcukikd3hc36i"
1508989499049	Marionette	DEBUG	Received DOM event "pagehide" for "http://localhost:63342/test/test.html?_ijt=m1vfo4kb9o1obcukikd3hc36i"
1508989499049	Marionette	DEBUG	Received DOM event "unload" for "http://localhost:63342/test/test.html?_ijt=m1vfo4kb9o1obcukikd3hc36i"
1508989499056	Marionette	DEBUG	Received DOM event "DOMContentLoaded" for "http://localhost:63342/test/test.html?_ijt=m1vfo4kb9o1obcukikd3hc36i"
1508989499137	Marionette	DEBUG	Received DOM event "pageshow" for "http://localhost:63342/test/test.html?_ijt=m1vfo4kb9o1obcukikd3hc36i"
1508989502155	Marionette	DEBUG	Received DOM event "beforeunload" for "http://localhost:63342/test/test.html?_ijt=m1vfo4kb9o1obcukikd3hc36i"
1508989502167	Marionette	DEBUG	Received DOM event "pagehide" for "http://localhost:63342/test/test.html?_ijt=m1vfo4kb9o1obcukikd3hc36i"
1508989502167	Marionette	DEBUG	Received DOM event "unload" for "http://localhost:63342/test/test.html?_ijt=m1vfo4kb9o1obcukikd3hc36i"
1508989502172	Marionette	DEBUG	Received DOM event "DOMContentLoaded" for "http://localhost:63342/test/test.html?_ijt=m1vfo4kb9o1obcukikd3hc36i"
1508989502273	Marionette	DEBUG	Received DOM event "pageshow" for "http://localhost:63342/test/test.html?_ijt=m1vfo4kb9o1obcukikd3hc36i"
1508989505285	Marionette	DEBUG	Received DOM event "beforeunload" for "http://localhost:63342/test/test.html?_ijt=m1vfo4kb9o1obcukikd3hc36i"
1508989505297	Marionette	DEBUG	Received DOM event "pagehide" for "http://localhost:63342/test/test.html?_ijt=m1vfo4kb9o1obcukikd3hc36i"
1508989505297	Marionette	DEBUG	Received DOM event "unload" for "http://localhost:63342/test/test.html?_ijt=m1vfo4kb9o1obcukikd3hc36i"
1508989505303	Marionette	DEBUG	Received DOM event "DOMContentLoaded" for "http://localhost:63342/test/test.html?_ijt=m1vfo4kb9o1obcukikd3hc36i"
1508989505378	Marionette	DEBUG	Received DOM event "pageshow" for "http://localhost:63342/test/test.html?_ijt=m1vfo4kb9o1obcukikd3hc36i"
1508989508385	Marionette	DEBUG	Received DOM event "beforeunload" for "http://localhost:63342/test/test.html?_ijt=m1vfo4kb9o1obcukikd3hc36i"
1508989508400	Marionette	DEBUG	Received DOM event "pagehide" for "http://localhost:63342/test/test.html?_ijt=m1vfo4kb9o1obcukikd3hc36i"
1508989508400	Marionette	DEBUG	Received DOM event "unload" for "http://localhost:63342/test/test.html?_ijt=m1vfo4kb9o1obcukikd3hc36i"
1508989508405	Marionette	DEBUG	Received DOM event "DOMContentLoaded" for "http://localhost:63342/test/test.html?_ijt=m1vfo4kb9o1obcukikd3hc36i"
1508989508480	Marionette	DEBUG	Received DOM event "pageshow" for "http://localhost:63342/test/test.html?_ijt=m1vfo4kb9o1obcukikd3hc36i"
1508989511487	Marionette	DEBUG	Received DOM event "beforeunload" for "http://localhost:63342/test/test.html?_ijt=m1vfo4kb9o1obcukikd3hc36i"
1508989511495	Marionette	DEBUG	Received DOM event "pagehide" for "http://localhost:63342/test/test.html?_ijt=m1vfo4kb9o1obcukikd3hc36i"
1508989511496	Marionette	DEBUG	Received DOM event "unload" for "http://localhost:63342/test/test.html?_ijt=m1vfo4kb9o1obcukikd3hc36i"
1508989511500	Marionette	DEBUG	Received DOM event "DOMContentLoaded" for "http://localhost:63342/test/test.html?_ijt=m1vfo4kb9o1obcukikd3hc36i"
1508989511563	Marionette	DEBUG	Received DOM event "pageshow" for "http://localhost:63342/test/test.html?_ijt=m1vfo4kb9o1obcukikd3hc36i"
1508989514574	Marionette	DEBUG	Received DOM event "beforeunload" for "http://localhost:63342/test/test.html?_ijt=m1vfo4kb9o1obcukikd3hc36i"
1508989514582	Marionette	DEBUG	Received DOM event "pagehide" for "http://localhost:63342/test/test.html?_ijt=m1vfo4kb9o1obcukikd3hc36i"
1508989514582	Marionette	DEBUG	Received DOM event "unload" for "http://localhost:63342/test/test.html?_ijt=m1vfo4kb9o1obcukikd3hc36i"
1508989514590	Marionette	DEBUG	Received DOM event "DOMContentLoaded" for "http://localhost:63342/test/test.html?_ijt=m1vfo4kb9o1obcukikd3hc36i"
1508989514665	Marionette	DEBUG	Received DOM event "pageshow" for "http://localhost:63342/test/test.html?_ijt=m1vfo4kb9o1obcukikd3hc36i"
1508989517678	Marionette	DEBUG	Received DOM event "beforeunload" for "http://localhost:63342/test/test.html?_ijt=m1vfo4kb9o1obcukikd3hc36i"
1508989517689	Marionette	DEBUG	Received DOM event "pagehide" for "http://localhost:63342/test/test.html?_ijt=m1vfo4kb9o1obcukikd3hc36i"
1508989517689	Marionette	DEBUG	Received DOM event "unload" for "http://localhost:63342/test/test.html?_ijt=m1vfo4kb9o1obcukikd3hc36i"
1508989517696	Marionette	DEBUG	Received DOM event "DOMContentLoaded" for "http://localhost:63342/test/test.html?_ijt=m1vfo4kb9o1obcukikd3hc36i"
1508989517745	Marionette	DEBUG	Received DOM event "pageshow" for "http://localhost:63342/test/test.html?_ijt=m1vfo4kb9o1obcukikd3hc36i"
1508989520758	Marionette	DEBUG	Received DOM event "beforeunload" for "http://localhost:63342/test/test.html?_ijt=m1vfo4kb9o1obcukikd3hc36i"
1508989520766	Marionette	DEBUG	Received DOM event "pagehide" for "http://localhost:63342/test/test.html?_ijt=m1vfo4kb9o1obcukikd3hc36i"
1508989520766	Marionette	DEBUG	Received DOM event "unload" for "http://localhost:63342/test/test.html?_ijt=m1vfo4kb9o1obcukikd3hc36i"
1508989520775	Marionette	DEBUG	Received DOM event "DOMContentLoaded" for "http://localhost:63342/test/test.html?_ijt=m1vfo4kb9o1obcukikd3hc36i"
1508989520845	Marionette	DEBUG	Received DOM event "pageshow" for "http://localhost:63342/test/test.html?_ijt=m1vfo4kb9o1obcukikd3hc36i"
1508989523856	Marionette	DEBUG	Received DOM event "beforeunload" for "http://localhost:63342/test/test.html?_ijt=m1vfo4kb9o1obcukikd3hc36i"
1508989523868	Marionette	DEBUG	Received DOM event "pagehide" for "http://localhost:63342/test/test.html?_ijt=m1vfo4kb9o1obcukikd3hc36i"
1508989523869	Marionette	DEBUG	Received DOM event "unload" for "http://localhost:63342/test/test.html?_ijt=m1vfo4kb9o1obcukikd3hc36i"
1508989523879	Marionette	DEBUG	Received DOM event "DOMContentLoaded" for "http://localhost:63342/test/test.html?_ijt=m1vfo4kb9o1obcukikd3hc36i"
1508989523944	Marionette	DEBUG	Received DOM event "pageshow" for "http://localhost:63342/test/test.html?_ijt=m1vfo4kb9o1obcukikd3hc36i"
1508989526957	Marionette	DEBUG	Received DOM event "beforeunload" for "http://localhost:63342/test/test.html?_ijt=m1vfo4kb9o1obcukikd3hc36i"
1508989526972	Marionette	DEBUG	Received DOM event "pagehide" for "http://localhost:63342/test/test.html?_ijt=m1vfo4kb9o1obcukikd3hc36i"
1508989526972	Marionette	DEBUG	Received DOM event "unload" for "http://localhost:63342/test/test.html?_ijt=m1vfo4kb9o1obcukikd3hc36i"
1508989526979	Marionette	DEBUG	Received DOM event "DOMContentLoaded" for "http://localhost:63342/test/test.html?_ijt=m1vfo4kb9o1obcukikd3hc36i"
1508989527021	Marionette	DEBUG	Received DOM event "pageshow" for "http://localhost:63342/test/test.html?_ijt=m1vfo4kb9o1obcukikd3hc36i"
1508989530032	Marionette	DEBUG	Received DOM event "beforeunload" for "http://localhost:63342/test/test.html?_ijt=m1vfo4kb9o1obcukikd3hc36i"
1508989530046	Marionette	DEBUG	Received DOM event "pagehide" for "http://localhost:63342/test/test.html?_ijt=m1vfo4kb9o1obcukikd3hc36i"
1508989530046	Marionette	DEBUG	Received DOM event "unload" for "http://localhost:63342/test/test.html?_ijt=m1vfo4kb9o1obcukikd3hc36i"
1508989530052	Marionette	DEBUG	Received DOM event "DOMContentLoaded" for "http://localhost:63342/test/test.html?_ijt=m1vfo4kb9o1obcukikd3hc36i"
1508989530095	Marionette	DEBUG	Received DOM event "pageshow" for "http://localhost:63342/test/test.html?_ijt=m1vfo4kb9o1obcukikd3hc36i"
1508989533109	Marionette	DEBUG	Received DOM event "beforeunload" for "http://localhost:63342/test/test.html?_ijt=m1vfo4kb9o1obcukikd3hc36i"
1508989533127	Marionette	DEBUG	Received DOM event "pagehide" for "http://localhost:63342/test/test.html?_ijt=m1vfo4kb9o1obcukikd3hc36i"
1508989533127	Marionette	DEBUG	Received DOM event "unload" for "http://localhost:63342/test/test.html?_ijt=m1vfo4kb9o1obcukikd3hc36i"
1508989533133	Marionette	DEBUG	Received DOM event "DOMContentLoaded" for "http://localhost:63342/test/test.html?_ijt=m1vfo4kb9o1obcukikd3hc36i"
1508989533184	Marionette	DEBUG	Received DOM event "pageshow" for "http://localhost:63342/test/test.html?_ijt=m1vfo4kb9o1obcukikd3hc36i"
1508989536195	Marionette	DEBUG	Received DOM event "beforeunload" for "http://localhost:63342/test/test.html?_ijt=m1vfo4kb9o1obcukikd3hc36i"
1508989536208	Marionette	DEBUG	Received DOM event "pagehide" for "http://localhost:63342/test/test.html?_ijt=m1vfo4kb9o1obcukikd3hc36i"
1508989536208	Marionette	DEBUG	Received DOM event "unload" for "http://localhost:63342/test/test.html?_ijt=m1vfo4kb9o1obcukikd3hc36i"
1508989536213	Marionette	DEBUG	Received DOM event "DOMContentLoaded" for "http://localhost:63342/test/test.html?_ijt=m1vfo4kb9o1obcukikd3hc36i"
1508989536259	Marionette	DEBUG	Received DOM event "pageshow" for "http://localhost:63342/test/test.html?_ijt=m1vfo4kb9o1obcukikd3hc36i"
Unable to read VR Path Registry from C:\Users\lenovo\AppData\Local\openvr\openvrpaths.vrpath
JavaScript error: resource://gre/modules/XPCOMUtils.jsm, line 266: TypeError: Cc[aContract] is undefined
[Parent 7280] WARNING: pipe error: 109: file z:/build/build/src/ipc/chromium/src/chrome/common/ipc_channel_win.cc, line 346
Unable to read VR Path Registry from C:\Users\lenovo\AppData\Local\openvr\openvrpaths.vrpath
[Child 820] WARNING: pipe error: 109: file z:/build/build/src/ipc/chromium/src/chrome/common/ipc_channel_win.cc, line 346
[Child 820] WARNING: pipe error: 109: file z:/build/build/src/ipc/chromium/src/chrome/common/ipc_channel_win.cc, line 346
[Parent 7280] WARNING: pipe error: 109: file z:/build/build/src/ipc/chromium/src/chrome/common/ipc_channel_win.cc, line 346

###!!! [Child][MessageChannel::SendAndWait] Error: Channel error: cannot send/recv

